<?xml version="1.0" encoding="UTF-8"?>
<!-- Generated by org.testng.reporters.JUnitXMLReporter -->
<testsuite hostname="VLAD-ПК" ignored="2" name="RegressionTesting" tests="1" failures="1" timestamp="24 мар 2018 14:43:35 GMT" time="0.028" errors="0">
  <testcase name="googleTest" time="0.006" classname="rozetkaTest.RegressionTests">
    <failure type="java.lang.NullPointerException">
      <![CDATA[java.lang.NullPointerException
	at rozetkaTest.RegressionTests.googleTest(RegressionTests.java:36)
... Removed 29 stack frames]]>
    </failure>
  </testcase> <!-- googleTest -->
  <testcase name="openPageTest" time="0.0" classname="rozetkaTest.RegressionTests">
    <ignored/>
  </testcase> <!-- openPageTest -->
  <testcase name="yandexTest" time="0.0" classname="rozetkaTest.RegressionTests">
    <ignored/>
  </testcase> <!-- yandexTest -->
</testsuite> <!-- RegressionTesting -->
