<?xml version="1.0" encoding="UTF-8"?>
<!-- Generated by org.testng.reporters.JUnitXMLReporter -->
<testsuite hostname="VLAD-ПК" ignored="0" name="s Test" tests="3" failures="0" timestamp="24 мар 2018 15:29:01 GMT" time="16.362" errors="0">
  <testcase name="openPageTest" time="11.36" classname="rozetkaTest.RegressionTests"/>
  <testcase name="googleTest" time="0.804" classname="rozetkaTest.RegressionTests"/>
  <testcase name="yandexTest" time="0.0" classname="rozetkaTest.RegressionTests"/>
</testsuite> <!-- s Test -->
