<?xml version="1.0" encoding="UTF-8"?>
<!-- Generated by org.testng.reporters.JUnitXMLReporter -->
<testsuite hostname="VLAD-ПК" ignored="3" name="Command line test" tests="5" failures="0" timestamp="24 мар 2018 16:07:01 GMT" time="3.806" errors="0">
  <testcase name="AudiA6" time="0.001" classname="rozetkaTest.TestNG_Grouping"/>
  <testcase name="BMW3Series" time="0.0" classname="rozetkaTest.TestNG_Grouping"/>
  <testcase name="BMWX3" time="0.0" classname="rozetkaTest.TestNG_Grouping"/>
  <testcase name="HondaAccord" time="0.0" classname="rozetkaTest.TestNG_Grouping"/>
  <testcase name="loginTest" time="0.036" classname="rozetkaTest.Tests"/>
  <testcase name="@BeforeSuite setUpClass" time="0.0" classname="rozetkaTest.TestBase">
    <ignored/>
  </testcase> <!-- @BeforeSuite setUpClass -->
  <testcase name="@AfterSuite tearDownClass" time="0.0" classname="rozetkaTest.TestBase">
    <ignored/>
  </testcase> <!-- @AfterSuite tearDownClass -->
  <testcase name="@BeforeTest setUp" time="0.0" classname="rozetkaTest.TestBase">
    <ignored/>
  </testcase> <!-- @BeforeTest setUp -->
</testsuite> <!-- Command line test -->
