<?xml version="1.0" encoding="UTF-8"?>
<testsuite xmlns:xsi="http://www.w3.org/2001/XMLSchema-instance" xsi:noNamespaceSchemaLocation="https://maven.apache.org/surefire/maven-surefire-plugin/xsd/surefire-test-report.xsd" name="TestSuite" time="21.064" tests="5" errors="0" skipped="0" failures="0">
  <properties>
[...]
</properties>
  <testcase name="loginTest" classname="rozetkaTest.Tests" time="0.032"/>
  <testcase name="AudiA6" classname="rozetkaTest.TestNG_Grouping" time="0"/>
  <testcase name="BMW3Series" classname="rozetkaTest.TestNG_Grouping" time="0"/>
  <testcase name="BMWX3" classname="rozetkaTest.TestNG_Grouping" time="0"/>
  <testcase name="HondaAccord" classname="rozetkaTest.TestNG_Grouping" time="0"/>
</testsuite>