<?xml version="1.0" encoding="UTF-8"?>
<testng-results skipped="0" failed="0" ignored="0" total="0" passed="0">
  <reporter-output>
  </reporter-output>
  <suite name="rozetkaTest.TestBase" duration-ms="8140" started-at="2018-05-14T10:57:04Z" finished-at="2018-05-14T10:57:12Z">
    <groups>
    </groups>
    <test name="Command line test" duration-ms="8140" started-at="2018-05-14T10:57:04Z" finished-at="2018-05-14T10:57:12Z">
      <class name="rozetkaTest.TestBase">
        <test-method status="PASS" signature="setUpClass()[pri:0, instance:rozetkaTest.TestBase@42d3bd8b]" name="setUpClass" is-config="true" duration-ms="8824" started-at="2018-05-14T13:56:55Z" finished-at="2018-05-14T13:57:04Z">
          <reporter-output>
          </reporter-output>
        </test-method> <!-- setUpClass -->
        <test-method status="PASS" signature="setUp()[pri:0, instance:rozetkaTest.TestBase@42d3bd8b]" name="setUp" is-config="true" duration-ms="8137" started-at="2018-05-14T13:57:04Z" finished-at="2018-05-14T13:57:12Z">
          <reporter-output>
          </reporter-output>
        </test-method> <!-- setUp -->
        <test-method status="PASS" signature="tearDownClass()[pri:0, instance:rozetkaTest.TestBase@42d3bd8b]" name="tearDownClass" is-config="true" duration-ms="2252" started-at="2018-05-14T13:57:12Z" finished-at="2018-05-14T13:57:15Z">
          <reporter-output>
          </reporter-output>
        </test-method> <!-- tearDownClass -->
      </class> <!-- rozetkaTest.TestBase -->
    </test> <!-- Command line test -->
  </suite> <!-- rozetkaTest.TestBase -->
</testng-results>
