<?xml version="1.0" encoding="UTF-8"?>
<!-- Generated by org.testng.reporters.JUnitXMLReporter -->
<testsuite hostname="VLAD-ПК" ignored="0" name="WishList Test" tests="5" failures="0" timestamp="26 мар 2018 05:47:20 GMT" time="11.794" errors="0">
  <testcase name="loginTest" time="0.033" classname="rozetkaTest.Tests"/>
  <testcase name="AudiA6" time="0.0" classname="rozetkaTest.TestNG_Grouping"/>
  <testcase name="BMW3Series" time="0.001" classname="rozetkaTest.TestNG_Grouping"/>
  <testcase name="BMWX3" time="0.0" classname="rozetkaTest.TestNG_Grouping"/>
  <testcase name="HondaAccord" time="0.0" classname="rozetkaTest.TestNG_Grouping"/>
</testsuite> <!-- WishList Test -->
